2020-04-20 10:24:07,260 INFO o.a.j.u.JMeterUtils: Setting Locale to en_EN
2020-04-20 10:24:07,304 INFO o.a.j.JMeter: Loading user properties from: /usr/bin/jmeter/apache-jmeter-5.2.1/bin/user.properties
2020-04-20 10:24:07,304 INFO o.a.j.JMeter: Loading system properties from: /usr/bin/jmeter/apache-jmeter-5.2.1/bin/system.properties
2020-04-20 10:24:07,366 INFO o.a.j.JMeter: Copyright (c) 1998-2019 The Apache Software Foundation
2020-04-20 10:24:07,366 INFO o.a.j.JMeter: Version 5.2.1
2020-04-20 10:24:07,367 INFO o.a.j.JMeter: java.version=11.0.6
2020-04-20 10:24:07,367 INFO o.a.j.JMeter: java.vm.name=OpenJDK 64-Bit Server VM
2020-04-20 10:24:07,367 INFO o.a.j.JMeter: os.name=Linux
2020-04-20 10:24:07,367 INFO o.a.j.JMeter: os.arch=amd64
2020-04-20 10:24:07,367 INFO o.a.j.JMeter: os.version=4.19.0-8-amd64
2020-04-20 10:24:07,367 INFO o.a.j.JMeter: file.encoding=UTF-8
2020-04-20 10:24:07,368 INFO o.a.j.JMeter: java.awt.headless=null
2020-04-20 10:24:07,368 INFO o.a.j.JMeter: Max memory     =1073741824
2020-04-20 10:24:07,368 INFO o.a.j.JMeter: Available Processors =2
2020-04-20 10:24:07,398 INFO o.a.j.JMeter: Default Locale=English (EN)
2020-04-20 10:24:07,399 INFO o.a.j.JMeter: JMeter  Locale=English (EN)
2020-04-20 10:24:07,399 INFO o.a.j.JMeter: JMeterHome=/usr/bin/jmeter/apache-jmeter-5.2.1
2020-04-20 10:24:07,399 INFO o.a.j.JMeter: user.dir  =/home/sami/pipeline/deploy-ansible
2020-04-20 10:24:07,400 INFO o.a.j.JMeter: PWD       =/home/sami/pipeline/deploy-ansible
2020-04-20 10:24:07,401 INFO o.a.j.JMeter: IP: 127.0.1.1 Name: p1jenkins-pipeline FullName: p1jenkins-pipeline
2020-04-20 10:24:07,442 ERROR o.a.j.JMeter: An error occurred: 
java.awt.HeadlessException: 
No X11 DISPLAY variable was set, but this program performed an operation which requires it.
	at java.awt.GraphicsEnvironment.checkHeadless(GraphicsEnvironment.java:208) ~[?:?]
	at java.awt.Window.<init>(Window.java:548) ~[?:?]
	at java.awt.Frame.<init>(Frame.java:423) ~[?:?]
	at java.awt.Frame.<init>(Frame.java:388) ~[?:?]
	at javax.swing.SwingUtilities$SharedOwnerFrame.<init>(SwingUtilities.java:1919) ~[?:?]
	at javax.swing.SwingUtilities.getSharedOwnerFrame(SwingUtilities.java:1995) ~[?:?]
	at javax.swing.JWindow.<init>(JWindow.java:183) ~[?:?]
	at javax.swing.JWindow.<init>(JWindow.java:135) ~[?:?]
	at org.apache.jmeter.SplashScreen.<init>(SplashScreen.java:45) ~[ApacheJMeter_core.jar:5.2.1]
	at org.apache.jmeter.JMeter.startGui(JMeter.java:376) ~[ApacheJMeter_core.jar:5.2.1]
	at org.apache.jmeter.JMeter.start(JMeter.java:545) [ApacheJMeter_core.jar:5.2.1]
	at jdk.internal.reflect.NativeMethodAccessorImpl.invoke0(Native Method) ~[?:?]
	at jdk.internal.reflect.NativeMethodAccessorImpl.invoke(NativeMethodAccessorImpl.java:62) ~[?:?]
	at jdk.internal.reflect.DelegatingMethodAccessorImpl.invoke(DelegatingMethodAccessorImpl.java:43) ~[?:?]
	at java.lang.reflect.Method.invoke(Method.java:566) ~[?:?]
	at org.apache.jmeter.NewDriver.main(NewDriver.java:253) [ApacheJMeter.jar:5.2.1]
